{
  "stats": {
    "suites": 1,
    "tests": 2,
    "passes": 2,
    "pending": 0,
    "failures": 0,
    "start": "2025-06-23T16:34:31.326Z",
    "end": "2025-06-23T16:34:41.990Z",
    "duration": 10664,
    "testsRegistered": 2,
    "passPercent": 100,
    "pendingPercent": 0,
    "other": 0,
    "hasOther": false,
    "skipped": 0,
    "hasSkipped": false
  },
  "results": [
    {
      "uuid": "59cfd4f1-f44e-4e49-be37-816487bed2fa",
      "title": "",
      "fullFile": "D:\\Tugas Sesi 9\\test\\TestSaucedemo.js",
      "file": "\\test\\TestSaucedemo.js",
      "beforeHooks": [],
      "afterHooks": [],
      "tests": [],
      "suites": [
        {
          "uuid": "017c60e4-0ef6-4723-a976-e44a2eb96470",
          "title": "Saucedemo Test",
          "fullFile": "D:\\Tugas Sesi 9\\test\\TestSaucedemo.js",
          "file": "\\test\\TestSaucedemo.js",
          "beforeHooks": [
            {
              "title": "\"before all\" hook in \"Saucedemo Test\"",
              "fullTitle": "Saucedemo Test \"before all\" hook in \"Saucedemo Test\"",
              "timedOut": false,
              "duration": 7166,
              "state": null,
              "speed": null,
              "pass": false,
              "fail": false,
              "pending": false,
              "context": null,
              "code": "driver = await new Builder().forBrowser('chrome').build();",
              "err": {},
              "uuid": "4c9e9390-297a-4ac5-bdb6-15b69e315af8",
              "parentUUID": "017c60e4-0ef6-4723-a976-e44a2eb96470",
              "isHook": true,
              "skipped": false
            }
          ],
          "afterHooks": [
            {
              "title": "\"after all\" hook in \"Saucedemo Test\"",
              "fullTitle": "Saucedemo Test \"after all\" hook in \"Saucedemo Test\"",
              "timedOut": false,
              "duration": 141,
              "state": null,
              "speed": null,
              "pass": false,
              "fail": false,
              "pending": false,
              "context": null,
              "code": "if (driver) {\n  await driver.quit();\n}",
              "err": {},
              "uuid": "c8a82c4b-20c1-4426-b6c5-53b718a1885d",
              "parentUUID": "017c60e4-0ef6-4723-a976-e44a2eb96470",
              "isHook": true,
              "skipped": false
            }
          ],
          "tests": [
            {
              "title": "Login Berhasil",
              "fullTitle": "Saucedemo Test Login Berhasil",
              "timedOut": false,
              "duration": 2185,
              "state": "passed",
              "speed": "slow",
              "pass": true,
              "fail": false,
              "pending": false,
              "context": null,
              "code": "await driver.get('https://www.saucedemo.com/');\nawait driver.findElement(By.id('user-name')).sendKeys('standard_user');\nawait driver.findElement(By.id('password')).sendKeys('secret_sauce');\nawait driver.findElement(By.id('login-button')).click();\nawait driver.wait(until.urlContains('inventory'), 10000);\nconst url = await driver.getCurrentUrl();\nexpect(url).to.include('inventory');",
              "err": {},
              "uuid": "dbb073bf-51fe-4804-8702-519df08fac83",
              "parentUUID": "017c60e4-0ef6-4723-a976-e44a2eb96470",
              "isHook": false,
              "skipped": false
            },
            {
              "title": "Urutkan produk A ke Z",
              "fullTitle": "Saucedemo Test Urutkan produk A ke Z",
              "timedOut": false,
              "duration": 1151,
              "state": "passed",
              "speed": "slow",
              "pass": true,
              "fail": false,
              "pending": false,
              "context": null,
              "code": "const dropdown = await driver.findElement(By.className('product_sort_container'));\nawait dropdown.sendKeys('Name (A to Z)');\nawait driver.sleep(1000); // beri waktu untuk sort\nconst firstItem = await driver.findElement(By.className('inventory_item_name'));\nconst name = await firstItem.getText();\nconsole.log('Produk pertama setelah sorting:', name);\n// Perhatikan ini: ubah expected sesuai dengan hasil sorting yang muncul\nexpect(name).to.equal('Test.allTheThings() T-Shirt (Red)');",
              "err": {},
              "uuid": "4149cddc-9766-4d50-ad8f-cefd7fe6fdc1",
              "parentUUID": "017c60e4-0ef6-4723-a976-e44a2eb96470",
              "isHook": false,
              "skipped": false
            }
          ],
          "suites": [],
          "passes": [
            "dbb073bf-51fe-4804-8702-519df08fac83",
            "4149cddc-9766-4d50-ad8f-cefd7fe6fdc1"
          ],
          "failures": [],
          "pending": [],
          "skipped": [],
          "duration": 3336,
          "root": false,
          "rootEmpty": false,
          "_timeout": 30000
        }
      ],
      "passes": [],
      "failures": [],
      "pending": [],
      "skipped": [],
      "duration": 0,
      "root": true,
      "rootEmpty": true,
      "_timeout": 30000
    }
  ],
  "meta": {
    "mocha": {
      "version": "11.7.0"
    },
    "mochawesome": {
      "options": {
        "quiet": false,
        "reportFilename": "mochawesome",
        "saveHtml": true,
        "saveJson": true,
        "consoleReporter": "spec",
        "useInlineDiffs": false,
        "code": true
      },
      "version": "7.1.3"
    },
    "marge": {
      "options": null,
      "version": "6.2.0"
    }
  }
}